-------------------------------------------------------------------------------
Test set: com.example.Online.Exam.Portal.OnlineExamPortalApplicationTests
-------------------------------------------------------------------------------
Tests run: 1, Failures: 0, Errors: 1, Skipped: 0, Time elapsed: 1.237 s <<< FAILURE! - in com.example.Online.Exam.Portal.OnlineExamPortalApplicationTests
com.example.Online.Exam.Portal.OnlineExamPortalApplicationTests  Time elapsed: 1.235 s  <<< ERROR!
java.lang.IllegalStateException: Unable to find a @SpringBootConfiguration, you need to use @ContextConfiguration or @SpringBootTest(classes=...) with your test

